#
# A fatal error has been detected by the Java Runtime Environment:
#
#  SIGSEGV (0xb) at pc=0x000000010859fcdd, pid=6152, tid=0x000000000000e48b
#
# JRE version: Java(TM) SE Runtime Environment (8.0_92-b14) (build 1.8.0_92-b14)
# Java VM: Java HotSpot(TM) 64-Bit Server VM (25.92-b14 mixed mode bsd-amd64 compressed oops)
# Problematic frame:
# C  [libawt_lwawt.dylib+0x1acdd]  OGLSD_SetScratchSurface+0x49
#
# Failed to write core dump. Core dumps have been disabled. To enable core dumping, try "ulimit -c unlimited" before starting Java again
#
# If you would like to submit a bug report, please visit:
#   http://bugreport.java.com/bugreport/crash.jsp
# The crash happened outside the Java Virtual Machine in native code.
# See problematic frame for where to report the bug.
#

---------------  T H R E A D  ---------------

Current thread (0x00007ff8ac957800):  JavaThread "Java2D Queue Flusher" daemon [_thread_in_native, id=58507, stack(0x000070000ef89000,0x000070000f089000)]

siginfo: si_signo: 11 (SIGSEGV), si_code: 1 (SEGV_MAPERR), si_addr: 0x0000000000000002

Registers:
RAX=0x00000000ffffffff, RBX=0x0000000000000002, RCX=0x0000000000000047, RDX=0x00000001085c0844
RSP=0x000070000f0887b0, RBP=0x000070000f0887d0, RSI=0x00007ff8b0fa2600, RDI=0x00007ff8ac9579f8
R8 =0x00000000d801ebfc, R9 =0x0000000000096975, R10=0x00000001095d4038, R11=0x0000000000000020
R12=0x0000000000000000, R13=0x000000010a267578, R14=0x00007ff8ac9579f8, R15=0x00007ff8ac957800
RIP=0x000000010859fcdd, EFLAGS=0x0000000000010202, ERR=0x0000000000000004
  TRAPNO=0x000000000000000e

Top of Stack: (sp=0x000070000f0887b0)
0x000070000f0887b0:   00007ff8b0fa2600 0000000000000000
0x000070000f0887c0:   00007ff8ad156010 00007ff8ac957800
0x000070000f0887d0:   000070000f088850 00000001085c0322
0x000070000f0887e0:   0000000000000064 00007ff8abcad098
0x000070000f0887f0:   000070000f088850 000000010434e7b0
0x000070000f088800:   0000000000000005 00007ff8ac957800
0x000070000f088810:   00000006c00f4301 00007ff8ad156020
0x000070000f088820:   0000700000088800 00007ff8ac9579f8
0x000070000f088830:   000070000f0888b0 0000000000000000
0x000070000f088840:   000070000f0888a8 00007ff8ac957800
0x000070000f088850:   000070000f0888a0 00000001095d40aa
0x000070000f088860:   00000006c00f5fc8 000070000f0888a8
0x000070000f088870:   0000000178fc9f30 0000000000000000
0x000070000f088880:   0000000178fc9ea8 0000000000000000
0x000070000f088890:   000070000f0888b0 00000006c00f4378
0x000070000f0888a0:   00000000d801ebf9 000000010a2671a0
0x000070000f0888b0:   00000006c00f5fc8 0000027300000000
0x000070000f0888c0:   000070000f088960 00000006c00f4378
0x000070000f0888d0:   0000000700000020 00000006c00f4378
0x000070000f0888e0:   00000001000001df 0000000000000001
0x000070000f0888f0:   00000006c00f9af0 000070000f0888e8
0x000070000f088900:   000000010a266d50 000070000f088960
0x000070000f088910:   00000006c00f44f0 00000006c00f44f8
0x000070000f088920:   00000006c00f44f4 00000006c00f44fc
0x000070000f088930:   0000000000000000 000070000f0889d0
0x000070000f088940:   0000000000000001 0000000000000000
0x000070000f088950:   000070000f0889d0 00000001090917a7
0x000070000f088960:   00000006c00f9af0 00000006c00f9e08
0x000070000f088970:   0000000100001fa0 000000000000000a
0x000070000f088980:   00007ff8ac957800 0000000000000001
0x000070000f088990:   000000010909171f 0000000106f197c8
0x000070000f0889a0:   000070000f088a68 000070000f088d00 

Instructions: (pc=0x000000010859fcdd)
0x000000010859fcbd:   c0 e9 82 00 00 00 48 8b 5e 10 48 85 db 75 0e bf
0x000000010859fccd:   01 00 00 00 48 8d 15 ef 76 03 00 eb d6 49 89 fe
0x000000010859fcdd:   4c 8b 3b 30 c0 e8 83 a3 02 00 49 8b 3f 49 89 c4
0x000000010859fced:   48 8b 35 34 f9 05 00 30 c0 e8 a7 a4 02 00 48 85 

Register to memory mapping:

RAX=0x00000000ffffffff is an unknown value
RBX=0x0000000000000002 is an unknown value
RCX=0x0000000000000047 is an unknown value
RDX=0x00000001085c0844: Java_sun_java2d_opengl_OGLRenderQueue_flushBuffer+0xb5c in /Applications/Greenfoot.app/Contents/JDK/Home/jre/lib/libawt_lwawt.dylib at 0x0000000108585000
RSP=0x000070000f0887b0 is pointing into the stack for thread: 0x00007ff8ac957800
RBP=0x000070000f0887d0 is pointing into the stack for thread: 0x00007ff8ac957800
RSI=0x00007ff8b0fa2600 is an unknown value
RDI=0x00007ff8ac9579f8 is an unknown value
R8 =0x00000000d801ebfc is an unknown value
R9 =0x0000000000096975 is an unknown value
R10=0x00000001095d4038 is at entry_point+56 in (nmethod*)0x00000001095d3e90
R11=0x0000000000000020 is an unknown value
R12=0x0000000000000000 is an unknown value
R13=0x000000010a267578 is at entry_point+1304 in (nmethod*)0x000000010a266d50
R14=0x00007ff8ac9579f8 is an unknown value
R15=0x00007ff8ac957800 is a thread


Stack: [0x000070000ef89000,0x000070000f089000],  sp=0x000070000f0887b0,  free space=1021k
Native frames: (J=compiled Java code, j=interpreted, Vv=VM code, C=native code)
C  [libawt_lwawt.dylib+0x1acdd]  OGLSD_SetScratchSurface+0x49
C  [libawt_lwawt.dylib+0x3b322]  Java_sun_java2d_opengl_OGLRenderQueue_flushBuffer+0x63a
J 1753  sun.java2d.opengl.OGLRenderQueue.flushBuffer(JI)V (0 bytes) @ 0x00000001095d40aa [0x00000001095d4000+0xaa]
J 6071% C2 sun.java2d.opengl.OGLRenderQueue$QueueFlusher.run()V (234 bytes) @ 0x000000010a2671a0 [0x000000010a267060+0x140]
v  ~StubRoutines::call_stub
V  [libjvm.dylib+0x2ecc9a]  JavaCalls::call_helper(JavaValue*, methodHandle*, JavaCallArguments*, Thread*)+0x6ae
V  [libjvm.dylib+0x2ed428]  JavaCalls::call_virtual(JavaValue*, KlassHandle, Symbol*, Symbol*, JavaCallArguments*, Thread*)+0x164
V  [libjvm.dylib+0x2ed5d4]  JavaCalls::call_virtual(JavaValue*, Handle, KlassHandle, Symbol*, Symbol*, Thread*)+0x4a
V  [libjvm.dylib+0x347dbd]  thread_entry(JavaThread*, Thread*)+0x7c
V  [libjvm.dylib+0x564c57]  JavaThread::thread_main_inner()+0x9b
V  [libjvm.dylib+0x566344]  JavaThread::run()+0x1c2
V  [libjvm.dylib+0x485bbe]  java_start(Thread*)+0xf6
C  [libsystem_pthread.dylib+0x393b]  _pthread_body+0xb4
C  [libsystem_pthread.dylib+0x3887]  _pthread_body+0x0
C  [libsystem_pthread.dylib+0x308d]  thread_start+0xd
C  0x0000000000000000

Java frames: (J=compiled Java code, j=interpreted, Vv=VM code)
J 1753  sun.java2d.opengl.OGLRenderQueue.flushBuffer(JI)V (0 bytes) @ 0x00000001095d4038 [0x00000001095d4000+0x38]
J 6071% C2 sun.java2d.opengl.OGLRenderQueue$QueueFlusher.run()V (234 bytes) @ 0x000000010a2671a0 [0x000000010a267060+0x140]
v  ~StubRoutines::call_stub

---------------  P R O C E S S  ---------------

Java Threads: ( => current thread )
  0x00007ff8b4ad4800 JavaThread "Java Sound Event Dispatcher" daemon [_thread_blocked, id=113923, stack(0x00007000100bf000,0x00007000101bf000)]
  0x00007ff8acb32800 JavaThread "Timer-0" [_thread_blocked, id=93655, stack(0x000070000fe36000,0x000070000ff36000)]
  0x00007ff8b2852800 JavaThread "RMI TCP Accept-58879" daemon [_thread_in_native, id=79475, stack(0x000070000f292000,0x000070000f392000)]
  0x00007ff8acb82000 JavaThread "TimerQueue" daemon [_thread_blocked, id=81167, stack(0x000070000fb2d000,0x000070000fc2d000)]
  0x00007ff8ad172000 JavaThread "main" [_thread_blocked, id=63779, stack(0x000070000f395000,0x000070000f495000)]
  0x00007ff8ac3a4800 JavaThread "SimulationThread" [_thread_blocked, id=73475, stack(0x000070000f9a7000,0x000070000faa7000)]
  0x00007ff8acb36800 JavaThread "AWT-EventQueue-0" [_thread_blocked, id=72963, stack(0x000070000f8a4000,0x000070000f9a4000)]
  0x00007ff8acb21000 JavaThread "RMI Reaper" [_thread_blocked, id=71939, stack(0x000070000f69e000,0x000070000f79e000)]
  0x00007ff8ac9e3800 JavaThread "RMI TCP Accept-0" daemon [_thread_in_native, id=71439, stack(0x000070000f59b000,0x000070000f69b000)]
  0x00007ff8acb20000 JavaThread "Java2D Disposer" daemon [_thread_blocked, id=69639, stack(0x000070000f498000,0x000070000f598000)]
=>0x00007ff8ac957800 JavaThread "Java2D Queue Flusher" daemon [_thread_in_native, id=58507, stack(0x000070000ef89000,0x000070000f089000)]
  0x00007ff8ad9ef800 JavaThread "GC Daemon" daemon [_thread_blocked, id=63503, stack(0x000070000f18f000,0x000070000f28f000)]
  0x00007ff8ad9ee800 JavaThread "RMI RenewClean-[127.0.0.1:58768]" daemon [_thread_blocked, id=62991, stack(0x000070000f08c000,0x000070000f18c000)]
  0x00007ff8ad144800 JavaThread "RMI Scheduler(0)" daemon [_thread_blocked, id=61827, stack(0x000070000ed83000,0x000070000ee83000)]
  0x00007ff8ac000000 JavaThread "DestroyJavaVM" [_thread_blocked, id=7171, stack(0x000070000d9c4000,0x000070000dac4000)]
  0x00007ff8ad0de000 JavaThread "BlueJ worker thread" [_thread_blocked, id=57859, stack(0x000070000ee86000,0x000070000ef86000)]
  0x00007ff8ad93d800 JavaThread "AWT-Shutdown" [_thread_blocked, id=31007, stack(0x000070000eb7a000,0x000070000ec7a000)]
  0x00007ff8ac130800 JavaThread "AppKit Thread" daemon [_thread_in_native, id=775, stack(0x00007fff5bda6000,0x00007fff5c5a6000)]
  0x00007ff8ac032800 JavaThread "Service Thread" daemon [_thread_blocked, id=19971, stack(0x000070000e8f1000,0x000070000e9f1000)]
  0x00007ff8ad83b000 JavaThread "C1 CompilerThread2" daemon [_thread_blocked, id=19459, stack(0x000070000e7ee000,0x000070000e8ee000)]
  0x00007ff8ac01c800 JavaThread "C2 CompilerThread1" daemon [_thread_blocked, id=18947, stack(0x000070000e6eb000,0x000070000e7eb000)]
  0x00007ff8ac828000 JavaThread "C2 CompilerThread0" daemon [_thread_blocked, id=18435, stack(0x000070000e5e8000,0x000070000e6e8000)]
  0x00007ff8ac019800 JavaThread "JDWP Command Reader" daemon [_thread_in_native, id=17923, stack(0x000070000e4e5000,0x000070000e5e5000)]
  0x00007ff8ac018800 JavaThread "JDWP Event Helper Thread" daemon [_thread_blocked, id=17411, stack(0x000070000e3e2000,0x000070000e4e2000)]
  0x00007ff8ac80c000 JavaThread "JDWP Transport Listener: dt_socket" daemon [_thread_blocked, id=16899, stack(0x000070000e2df000,0x000070000e3df000)]
  0x00007ff8ac801800 JavaThread "Signal Dispatcher" daemon [_thread_blocked, id=16387, stack(0x000070000e1dc000,0x000070000e2dc000)]
  0x00007ff8ad836000 JavaThread "Finalizer" daemon [_thread_blocked, id=12547, stack(0x000070000e0d9000,0x000070000e1d9000)]
  0x00007ff8ad830000 JavaThread "Reference Handler" daemon [_thread_blocked, id=12035, stack(0x000070000dfd6000,0x000070000e0d6000)]

Other Threads:
  0x00007ff8ad82f000 VMThread [stack: 0x000070000ded3000,0x000070000dfd3000] [id=11523]
  0x00007ff8ad83a000 WatcherThread [stack: 0x000070000e9f4000,0x000070000eaf4000] [id=20483]

VM state:not at safepoint (normal execution)

VM Mutex/Monitor currently owned by a thread: None

Heap:
 PSYoungGen      total 31744K, used 625K [0x000000076ab00000, 0x000000076d700000, 0x00000007c0000000)
  eden space 31232K, 2% used [0x000000076ab00000,0x000000076ab9c708,0x000000076c980000)
  from space 512K, 0% used [0x000000076d600000,0x000000076d600000,0x000000076d680000)
  to   space 512K, 0% used [0x000000076d680000,0x000000076d680000,0x000000076d700000)
 ParOldGen       total 175104K, used 10114K [0x00000006c0000000, 0x00000006cab00000, 0x000000076ab00000)
  object space 175104K, 5% used [0x00000006c0000000,0x00000006c09e0b98,0x00000006cab00000)
 Metaspace       used 26589K, capacity 27282K, committed 27776K, reserved 1073152K
  class space    used 3387K, capacity 3561K, committed 3712K, reserved 1048576K

Card table byte_map: [0x0000000105357000,0x0000000105b58000] byte_map_base: 0x0000000101d57000

Marking Bits: (ParMarkBitMap*) 0x00000001048e8bd0
 Begin Bits: [0x0000000118091000, 0x000000011c091000)
 End Bits:   [0x000000011c091000, 0x0000000120091000)

Polling page: 0x000000010371a000

CodeCache: size=245760Kb used=17651Kb max_used=18309Kb free=228108Kb
 bounds [0x0000000109091000, 0x000000010a2e1000, 0x0000000118091000]
 total_blobs=5619 nmethods=4998 adapters=540
 compilation: enabled

Compilation events (10 events):
Event: 18338.821 Thread 0x00007ff8ac01c800 6195   !   4       javax.swing.JComponent::paintChildren (669 bytes)
Event: 18338.955 Thread 0x00007ff8ac01c800 nmethod 6195 0x0000000109dda9d0 code [0x0000000109ddaea0, 0x0000000109ddf918]
Event: 18342.834 Thread 0x00007ff8ac828000 6196       4       sun.java2d.pipe.ValidatePipe::copyImage (29 bytes)
Event: 18342.840 Thread 0x00007ff8ac828000 nmethod 6196 0x00000001097f0390 code [0x00000001097f0520, 0x00000001097f07b8]
Event: 18347.257 Thread 0x00007ff8ac01c800 6197   !   4       sun.java2d.pipe.BufferedRenderPipe::fillRect (102 bytes)
Event: 18347.283 Thread 0x00007ff8ac01c800 nmethod 6197 0x0000000109db8210 code [0x0000000109db8440, 0x0000000109db9240]
Event: 18352.417 Thread 0x00007ff8ac828000 6198       4       java.util.concurrent.locks.AbstractQueuedSynchronizer::doReleaseShared (79 bytes)
Event: 18352.419 Thread 0x00007ff8ac828000 nmethod 6198 0x000000010973f710 code [0x000000010973f880, 0x000000010973f9d8]
Event: 18388.647 Thread 0x00007ff8ac828000 6199   !   4       greenfoot.gui.WorldCanvas::paintComponent (226 bytes)
Event: 18388.728 Thread 0x00007ff8ac828000 nmethod 6199 0x0000000109d0dc10 code [0x0000000109d0e080, 0x0000000109d10f70]

GC Heap History (10 events):
Event: 18977.148 GC heap before
{Heap before GC invocations=307 (full 71):
 PSYoungGen      total 31744K, used 31360K [0x000000076ab00000, 0x000000076d700000, 0x00000007c0000000)
  eden space 31232K, 100% used [0x000000076ab00000,0x000000076c980000,0x000000076c980000)
  from space 512K, 25% used [0x000000076d600000,0x000000076d620000,0x000000076d680000)
  to   space 512K, 0% used [0x000000076d680000,0x000000076d680000,0x000000076d700000)
 ParOldGen       total 175104K, used 23261K [0x00000006c0000000, 0x00000006cab00000, 0x000000076ab00000)
  object space 175104K, 13% used [0x00000006c0000000,0x00000006c16b7540,0x00000006cab00000)
 Metaspace       used 26589K, capacity 27282K, committed 27776K, reserved 1073152K
  class space    used 3387K, capacity 3561K, committed 3712K, reserved 1048576K
Event: 18977.152 GC heap after
Heap after GC invocations=307 (full 71):
 PSYoungGen      total 31744K, used 96K [0x000000076ab00000, 0x000000076d700000, 0x00000007c0000000)
  eden space 31232K, 0% used [0x000000076ab00000,0x000000076ab00000,0x000000076c980000)
  from space 512K, 18% used [0x000000076d680000,0x000000076d698000,0x000000076d700000)
  to   space 512K, 0% used [0x000000076d600000,0x000000076d600000,0x000000076d680000)
 ParOldGen       total 175104K, used 23277K [0x00000006c0000000, 0x00000006cab00000, 0x000000076ab00000)
  object space 175104K, 13% used [0x00000006c0000000,0x00000006c16bb540,0x00000006cab00000)
 Metaspace       used 26589K, capacity 27282K, committed 27776K, reserved 1073152K
  class space    used 3387K, capacity 3561K, committed 3712K, reserved 1048576K
}
Event: 19046.650 GC heap before
{Heap before GC invocations=308 (full 71):
 PSYoungGen      total 31744K, used 31328K [0x000000076ab00000, 0x000000076d700000, 0x00000007c0000000)
  eden space 31232K, 100% used [0x000000076ab00000,0x000000076c980000,0x000000076c980000)
  from space 512K, 18% used [0x000000076d680000,0x000000076d698000,0x000000076d700000)
  to   space 512K, 0% used [0x000000076d600000,0x000000076d600000,0x000000076d680000)
 ParOldGen       total 175104K, used 23277K [0x00000006c0000000, 0x00000006cab00000, 0x000000076ab00000)
  object space 175104K, 13% used [0x00000006c0000000,0x00000006c16bb540,0x00000006cab00000)
 Metaspace       used 26589K, capacity 27282K, committed 27776K, reserved 1073152K
  class space    used 3387K, capacity 3561K, committed 3712K, reserved 1048576K
Event: 19046.653 GC heap after
Heap after GC invocations=308 (full 71):
 PSYoungGen      total 31744K, used 64K [0x000000076ab00000, 0x000000076d700000, 0x00000007c0000000)
  eden space 31232K, 0% used [0x000000076ab00000,0x000000076ab00000,0x000000076c980000)
  from space 512K, 12% used [0x000000076d600000,0x000000076d610000,0x000000076d680000)
  to   space 512K, 0% used [0x000000076d680000,0x000000076d680000,0x000000076d700000)
 ParOldGen       total 175104K, used 23285K [0x00000006c0000000, 0x00000006cab00000, 0x000000076ab00000)
  object space 175104K, 13% used [0x00000006c0000000,0x00000006c16bd540,0x00000006cab00000)
 Metaspace       used 26589K, capacity 27282K, committed 27776K, reserved 1073152K
  class space    used 3387K, capacity 3561K, committed 3712K, reserved 1048576K
}
Event: 19116.177 GC heap before
{Heap before GC invocations=309 (full 71):
 PSYoungGen      total 31744K, used 31296K [0x000000076ab00000, 0x000000076d700000, 0x00000007c0000000)
  eden space 31232K, 100% used [0x000000076ab00000,0x000000076c980000,0x000000076c980000)
  from space 512K, 12% used [0x000000076d600000,0x000000076d610000,0x000000076d680000)
  to   space 512K, 0% used [0x000000076d680000,0x000000076d680000,0x000000076d700000)
 ParOldGen       total 175104K, used 23285K [0x00000006c0000000, 0x00000006cab00000, 0x000000076ab00000)
  object space 175104K, 13% used [0x00000006c0000000,0x00000006c16bd540,0x00000006cab00000)
 Metaspace       used 26589K, capacity 27282K, committed 27776K, reserved 1073152K
  class space    used 3387K, capacity 3561K, committed 3712K, reserved 1048576K
Event: 19116.179 GC heap after
Heap after GC invocations=309 (full 71):
 PSYoungGen      total 31744K, used 64K [0x000000076ab00000, 0x000000076d700000, 0x00000007c0000000)
  eden space 31232K, 0% used [0x000000076ab00000,0x000000076ab00000,0x000000076c980000)
  from space 512K, 12% used [0x000000076d680000,0x000000076d690000,0x000000076d700000)
  to   space 512K, 0% used [0x000000076d600000,0x000000076d600000,0x000000076d680000)
 ParOldGen       total 175104K, used 23285K [0x00000006c0000000, 0x00000006cab00000, 0x000000076ab00000)
  object space 175104K, 13% used [0x00000006c0000000,0x00000006c16bd540,0x00000006cab00000)
 Metaspace       used 26589K, capacity 27282K, committed 27776K, reserved 1073152K
  class space    used 3387K, capacity 3561K, committed 3712K, reserved 1048576K
}
Event: 19145.430 GC heap before
{Heap before GC invocations=310 (full 71):
 PSYoungGen      total 31744K, used 11893K [0x000000076ab00000, 0x000000076d700000, 0x00000007c0000000)
  eden space 31232K, 37% used [0x000000076ab00000,0x000000076b68d5e0,0x000000076c980000)
  from space 512K, 12% used [0x000000076d680000,0x000000076d690000,0x000000076d700000)
  to   space 512K, 0% used [0x000000076d600000,0x000000076d600000,0x000000076d680000)
 ParOldGen       total 175104K, used 23285K [0x00000006c0000000, 0x00000006cab00000, 0x000000076ab00000)
  object space 175104K, 13% used [0x00000006c0000000,0x00000006c16bd540,0x00000006cab00000)
 Metaspace       used 26589K, capacity 27282K, committed 27776K, reserved 1073152K
  class space    used 3387K, capacity 3561K, committed 3712K, reserved 1048576K
Event: 19145.432 GC heap after
Heap after GC invocations=310 (full 71):
 PSYoungGen      total 31744K, used 64K [0x000000076ab00000, 0x000000076d700000, 0x00000007c0000000)
  eden space 31232K, 0% used [0x000000076ab00000,0x000000076ab00000,0x000000076c980000)
  from space 512K, 12% used [0x000000076d600000,0x000000076d610000,0x000000076d680000)
  to   space 512K, 0% used [0x000000076d680000,0x000000076d680000,0x000000076d700000)
 ParOldGen       total 175104K, used 23285K [0x00000006c0000000, 0x00000006cab00000, 0x000000076ab00000)
  object space 175104K, 13% used [0x00000006c0000000,0x00000006c16bd540,0x00000006cab00000)
 Metaspace       used 26589K, capacity 27282K, committed 27776K, reserved 1073152K
  class space    used 3387K, capacity 3561K, committed 3712K, reserved 1048576K
}
Event: 19145.432 GC heap before
{Heap before GC invocations=311 (full 72):
 PSYoungGen      total 31744K, used 64K [0x000000076ab00000, 0x000000076d700000, 0x00000007c0000000)
  eden space 31232K, 0% used [0x000000076ab00000,0x000000076ab00000,0x000000076c980000)
  from space 512K, 12% used [0x000000076d600000,0x000000076d610000,0x000000076d680000)
  to   space 512K, 0% used [0x000000076d680000,0x000000076d680000,0x000000076d700000)
 ParOldGen       total 175104K, used 23285K [0x00000006c0000000, 0x00000006cab00000, 0x000000076ab00000)
  object space 175104K, 13% used [0x00000006c0000000,0x00000006c16bd540,0x00000006cab00000)
 Metaspace       used 26589K, capacity 27282K, committed 27776K, reserved 1073152K
  class space    used 3387K, capacity 3561K, committed 3712K, reserved 1048576K
Event: 19145.519 GC heap after
Heap after GC invocations=311 (full 72):
 PSYoungGen      total 31744K, used 0K [0x000000076ab00000, 0x000000076d700000, 0x00000007c0000000)
  eden space 31232K, 0% used [0x000000076ab00000,0x000000076ab00000,0x000000076c980000)
  from space 512K, 0% used [0x000000076d600000,0x000000076d600000,0x000000076d680000)
  to   space 512K, 0% used [0x000000076d680000,0x000000076d680000,0x000000076d700000)
 ParOldGen       total 175104K, used 10114K [0x00000006c0000000, 0x00000006cab00000, 0x000000076ab00000)
  object space 175104K, 5% used [0x00000006c0000000,0x00000006c09e0b98,0x00000006cab00000)
 Metaspace       used 26589K, capacity 27282K, committed 27776K, reserved 1073152K
  class space    used 3387K, capacity 3561K, committed 3712K, reserved 1048576K
}

Deoptimization events (10 events):
Event: 18149.858 Thread 0x00007ff8acb36800 Uncommon trap: reason=unstable_if action=reinterpret pc=0x00000001091a92d8 method=sun.java2d.SurfaceData.getSourceSurfaceData(Ljava/awt/Image;ILsun/java2d/loops/CompositeType;Ljava/awt/Color;)Lsun/java2d/SurfaceData; @ 64
Event: 18299.092 Thread 0x00007ff8acb36800 Uncommon trap: reason=unstable_if action=reinterpret pc=0x000000010a13d464 method=java.util.concurrent.locks.ReentrantReadWriteLock$Sync.tryAcquireShared(I)I @ 55
Event: 18302.847 Thread 0x00007ff8acb36800 Uncommon trap: reason=unstable_if action=reinterpret pc=0x000000010997041c method=sun.java2d.pipe.Region.getIntersectionXYXY(IIII)Lsun/java2d/pipe/Region; @ 55
Event: 18302.847 Thread 0x00007ff8acb36800 Uncommon trap: reason=unstable_if action=reinterpret pc=0x000000010997041c method=sun.java2d.pipe.Region.getIntersectionXYXY(IIII)Lsun/java2d/pipe/Region; @ 55
Event: 18302.847 Thread 0x00007ff8acb36800 Uncommon trap: reason=unstable_if action=reinterpret pc=0x000000010997041c method=sun.java2d.pipe.Region.getIntersectionXYXY(IIII)Lsun/java2d/pipe/Region; @ 55
Event: 18303.018 Thread 0x00007ff8acb36800 Uncommon trap: reason=unstable_if action=reinterpret pc=0x000000010a198d20 method=sun.java2d.SunGraphics2D.getCompClip()Lsun/java2d/pipe/Region; @ 7
Event: 18303.018 Thread 0x00007ff8acb36800 Uncommon trap: reason=unstable_if action=reinterpret pc=0x0000000109bd68f4 method=sun.java2d.pipe.BufferedContext.validate(Lsun/java2d/pipe/hw/AccelSurface;Lsun/java2d/pipe/hw/AccelSurface;Lsun/java2d/pipe/Region;Ljava/awt/Composite;Ljava/awt/geom/AffineT
Event: 18303.020 Thread 0x00007ff8acb36800 Uncommon trap: reason=class_check action=maybe_recompile pc=0x0000000109d9ea0c method=sun.awt.image.SurfaceManager.getImageScale(Ljava/awt/Image;)I @ 18
Event: 18303.045 Thread 0x00007ff8acb36800 Uncommon trap: reason=unstable_if action=reinterpret pc=0x0000000109c1e34c method=sun.java2d.pipe.Region.getIntersectionXYXY(IIII)Lsun/java2d/pipe/Region; @ 55
Event: 18303.061 Thread 0x00007ff8acb36800 Uncommon trap: reason=unstable_if action=reinterpret pc=0x0000000109fa6040 method=javax.swing.BoxLayout.resolveAxis(ILjava/awt/ComponentOrientation;)I @ 2

Internal exceptions (10 events):
Event: 4659.632 Thread 0x00007ff8acb36800 Implicit null exception at 0x0000000109d94934 to 0x0000000109d951e5
Event: 4664.605 Thread 0x00007ff8acb36800 Exception <a 'java/io/FileNotFoundException'> (0x000000076aecbd68) thrown at [/Users/java_re/workspace/8-2-build-macosx-x86_64/jdk8u92/6642/hotspot/src/share/vm/prims/jni.cpp, line 709]
Event: 4688.800 Thread 0x00007ff8ac3a4800 Exception <a 'java/lang/InterruptedException': sleep interrupted> (0x000000076f09bbc0) thrown at [/Users/java_re/workspace/8-2-build-macosx-x86_64/jdk8u92/6642/hotspot/src/share/vm/prims/jvm.cpp, line 3215]
Event: 4700.996 Thread 0x00007ff8ac3a4800 Exception <a 'java/lang/InterruptedException': sleep interrupted> (0x000000076af0e8e0) thrown at [/Users/java_re/workspace/8-2-build-macosx-x86_64/jdk8u92/6642/hotspot/src/share/vm/prims/jvm.cpp, line 3215]
Event: 4727.897 Thread 0x00007ff8ac3a4800 Exception <a 'java/lang/InterruptedException': sleep interrupted> (0x000000076aea5288) thrown at [/Users/java_re/workspace/8-2-build-macosx-x86_64/jdk8u92/6642/hotspot/src/share/vm/prims/jvm.cpp, line 3215]
Event: 4757.704 Thread 0x00007ff8acb36800 Implicit null exception at 0x0000000109c08e13 to 0x0000000109c0c415
Event: 5251.993 Thread 0x00007ff8ac3a4800 Implicit null exception at 0x0000000109525533 to 0x0000000109525dad
Event: 17566.831 Thread 0x00007ff8acb36800 Implicit null exception at 0x000000010a1bb86c to 0x000000010a1c2619
Event: 17581.254 Thread 0x00007ff8acb36800 Implicit null exception at 0x0000000109d0755c to 0x0000000109d07f35
Event: 17581.256 Thread 0x00007ff8acb36800 Implicit null exception at 0x00000001093ef133 to 0x00000001093ef451

Events (10 events):
Event: 18977.148 Executing VM operation: ParallelGCFailedAllocation
Event: 18977.152 Executing VM operation: ParallelGCFailedAllocation done
Event: 19046.650 Executing VM operation: ParallelGCFailedAllocation
Event: 19046.653 Executing VM operation: ParallelGCFailedAllocation done
Event: 19116.176 Executing VM operation: ParallelGCFailedAllocation
Event: 19116.179 Executing VM operation: ParallelGCFailedAllocation done
Event: 19145.430 Executing VM operation: ParallelGCSystemGC
Event: 19145.519 Executing VM operation: ParallelGCSystemGC done
Event: 19145.519 Executing VM operation: BulkRevokeBias
Event: 19145.519 Executing VM operation: BulkRevokeBias done


Dynamic libraries:
0x000000005f8f4000 	/System/Library/Frameworks/Cocoa.framework/Versions/A/Cocoa
0x000000005f8f4000 	/System/Library/Frameworks/Security.framework/Versions/A/Security
0x000000005f8f4000 	/System/Library/Frameworks/ApplicationServices.framework/Versions/A/ApplicationServices
0x000000005f8f4000 	/usr/lib/libz.1.dylib
0x000000005f8f4000 	/usr/lib/libSystem.B.dylib
0x000000005f8f4000 	/usr/lib/libobjc.A.dylib
0x000000005f8f4000 	/System/Library/Frameworks/CoreFoundation.framework/Versions/A/CoreFoundation
0x000000005f8f4000 	/System/Library/Frameworks/Foundation.framework/Versions/C/Foundation
0x000000005f8f4000 	/System/Library/Frameworks/AppKit.framework/Versions/C/AppKit
0x000000005f8f4000 	/System/Library/Frameworks/CoreData.framework/Versions/A/CoreData
0x000000005f8f4000 	/System/Library/PrivateFrameworks/RemoteViewServices.framework/Versions/A/RemoteViewServices
0x000000005f8f4000 	/System/Library/PrivateFrameworks/UIFoundation.framework/Versions/A/UIFoundation
0x000000005f8f4000 	/System/Library/PrivateFrameworks/DFRFoundation.framework/Versions/A/DFRFoundation
0x000000005f8f4000 	/usr/lib/libenergytrace.dylib
0x000000005f8f4000 	/System/Library/PrivateFrameworks/SkyLight.framework/Versions/A/SkyLight
0x000000005f8f4000 	/System/Library/Frameworks/CoreGraphics.framework/Versions/A/CoreGraphics
0x000000005f8f4000 	/usr/lib/libScreenReader.dylib
0x000000005f8f4000 	/System/Library/Frameworks/Accelerate.framework/Versions/A/Accelerate
0x000000005f8f4000 	/System/Library/Frameworks/IOSurface.framework/Versions/A/IOSurface
0x000000005f8f4000 	/System/Library/Frameworks/AudioToolbox.framework/Versions/A/AudioToolbox
0x000000005f8f4000 	/System/Library/Frameworks/AudioUnit.framework/Versions/A/AudioUnit
0x000000005f8f4000 	/System/Library/PrivateFrameworks/DataDetectorsCore.framework/Versions/A/DataDetectorsCore
0x000000005f8f4000 	/System/Library/PrivateFrameworks/DesktopServicesPriv.framework/Versions/A/DesktopServicesPriv
0x000000005f8f4000 	/System/Library/Frameworks/Carbon.framework/Versions/A/Frameworks/HIToolbox.framework/Versions/A/HIToolbox
0x000000005f8f4000 	/usr/lib/libicucore.A.dylib
0x000000005f8f4000 	/System/Library/Frameworks/QuartzCore.framework/Versions/A/QuartzCore
0x000000005f8f4000 	/System/Library/Frameworks/Carbon.framework/Versions/A/Frameworks/SpeechRecognition.framework/Versions/A/SpeechRecognition
0x000000005f8f4000 	/usr/lib/libauto.dylib
0x000000005f8f4000 	/usr/lib/libxml2.2.dylib
0x000000005f8f4000 	/System/Library/PrivateFrameworks/CoreUI.framework/Versions/A/CoreUI
0x000000005f8f4000 	/System/Library/Frameworks/CoreAudio.framework/Versions/A/CoreAudio
0x000000005f8f4000 	/System/Library/Frameworks/DiskArbitration.framework/Versions/A/DiskArbitration
0x000000005f8f4000 	/usr/lib/liblangid.dylib
0x000000005f8f4000 	/System/Library/PrivateFrameworks/MultitouchSupport.framework/Versions/A/MultitouchSupport
0x000000005f8f4000 	/System/Library/Frameworks/IOKit.framework/Versions/A/IOKit
0x000000005f8f4000 	/usr/lib/libDiagnosticMessagesClient.dylib
0x000000005f8f4000 	/System/Library/Frameworks/CoreServices.framework/Versions/A/CoreServices
0x000000005f8f4000 	/System/Library/PrivateFrameworks/PerformanceAnalysis.framework/Versions/A/PerformanceAnalysis
0x000000005f8f4000 	/System/Library/PrivateFrameworks/GenerationalStorage.framework/Versions/A/GenerationalStorage
0x000000005f8f4000 	/System/Library/Frameworks/OpenGL.framework/Versions/A/OpenGL
0x000000005f8f4000 	/System/Library/Frameworks/CoreImage.framework/Versions/A/CoreImage
0x000000005f8f4000 	/System/Library/Frameworks/CoreText.framework/Versions/A/CoreText
0x000000005f8f4000 	/System/Library/Frameworks/ImageIO.framework/Versions/A/ImageIO
0x000000005f8f4000 	/System/Library/PrivateFrameworks/Backup.framework/Versions/A/Backup
0x000000005f8f4000 	/usr/lib/libarchive.2.dylib
0x000000005f8f4000 	/System/Library/Frameworks/CFNetwork.framework/Versions/A/CFNetwork
0x000000005f8f4000 	/System/Library/Frameworks/SystemConfiguration.framework/Versions/A/SystemConfiguration
0x000000005f8f4000 	/usr/lib/libCRFSuite.dylib
0x000000005f8f4000 	/usr/lib/libc++.1.dylib
0x000000005f8f4000 	/usr/lib/libc++abi.dylib
0x000000005f8f4000 	/usr/lib/system/libcache.dylib
0x000000005f8f4000 	/usr/lib/system/libcommonCrypto.dylib
0x000000005f8f4000 	/usr/lib/system/libcompiler_rt.dylib
0x000000005f8f4000 	/usr/lib/system/libcopyfile.dylib
0x000000005f8f4000 	/usr/lib/system/libcorecrypto.dylib
0x000000005f8f4000 	/usr/lib/system/libdispatch.dylib
0x000000005f8f4000 	/usr/lib/system/libdyld.dylib
0x000000005f8f4000 	/usr/lib/system/libkeymgr.dylib
0x000000005f8f4000 	/usr/lib/system/liblaunch.dylib
0x000000005f8f4000 	/usr/lib/system/libmacho.dylib
0x000000005f8f4000 	/usr/lib/system/libquarantine.dylib
0x000000005f8f4000 	/usr/lib/system/libremovefile.dylib
0x000000005f8f4000 	/usr/lib/system/libsystem_asl.dylib
0x000000005f8f4000 	/usr/lib/system/libsystem_blocks.dylib
0x000000005f8f4000 	/usr/lib/system/libsystem_c.dylib
0x000000005f8f4000 	/usr/lib/system/libsystem_configuration.dylib
0x000000005f8f4000 	/usr/lib/system/libsystem_coreservices.dylib
0x000000005f8f4000 	/usr/lib/system/libsystem_coretls.dylib
0x000000005f8f4000 	/usr/lib/system/libsystem_dnssd.dylib
0x000000005f8f4000 	/usr/lib/system/libsystem_info.dylib
0x000000005f8f4000 	/usr/lib/system/libsystem_kernel.dylib
0x000000005f8f4000 	/usr/lib/system/libsystem_m.dylib
0x000000005f8f4000 	/usr/lib/system/libsystem_malloc.dylib
0x000000005f8f4000 	/usr/lib/system/libsystem_network.dylib
0x000000005f8f4000 	/usr/lib/system/libsystem_networkextension.dylib
0x000000005f8f4000 	/usr/lib/system/libsystem_notify.dylib
0x000000005f8f4000 	/usr/lib/system/libsystem_platform.dylib
0x000000005f8f4000 	/usr/lib/system/libsystem_pthread.dylib
0x000000005f8f4000 	/usr/lib/system/libsystem_sandbox.dylib
0x000000005f8f4000 	/usr/lib/system/libsystem_secinit.dylib
0x000000005f8f4000 	/usr/lib/system/libsystem_symptoms.dylib
0x000000005f8f4000 	/usr/lib/system/libsystem_trace.dylib
0x000000005f8f4000 	/usr/lib/system/libunwind.dylib
0x000000005f8f4000 	/usr/lib/system/libxpc.dylib
0x000000005f8f4000 	/usr/lib/libbsm.0.dylib
0x000000005f8f4000 	/usr/lib/system/libkxld.dylib
0x000000005f8f4000 	/usr/lib/libcoretls.dylib
0x000000005f8f4000 	/usr/lib/libcoretls_cfhelpers.dylib
0x000000005f8f4000 	/usr/lib/libOpenScriptingUtil.dylib
0x000000005f8f4000 	/usr/lib/libpam.2.dylib
0x000000005f8f4000 	/usr/lib/libsqlite3.dylib
0x000000005f8f4000 	/usr/lib/libxar.1.dylib
0x000000005f8f4000 	/usr/lib/libbz2.1.0.dylib
0x000000005f8f4000 	/usr/lib/liblzma.5.dylib
0x000000005f8f4000 	/usr/lib/libnetwork.dylib
0x000000005f8f4000 	/usr/lib/libpcap.A.dylib
0x000000005f8f4000 	/System/Library/Frameworks/CoreServices.framework/Versions/A/Frameworks/FSEvents.framework/Versions/A/FSEvents
0x000000005f8f4000 	/System/Library/Frameworks/CoreServices.framework/Versions/A/Frameworks/CarbonCore.framework/Versions/A/CarbonCore
0x000000005f8f4000 	/System/Library/Frameworks/CoreServices.framework/Versions/A/Frameworks/Metadata.framework/Versions/A/Metadata
0x000000005f8f4000 	/System/Library/Frameworks/CoreServices.framework/Versions/A/Frameworks/OSServices.framework/Versions/A/OSServices
0x000000005f8f4000 	/System/Library/Frameworks/CoreServices.framework/Versions/A/Frameworks/SearchKit.framework/Versions/A/SearchKit
0x000000005f8f4000 	/System/Library/Frameworks/CoreServices.framework/Versions/A/Frameworks/AE.framework/Versions/A/AE
0x000000005f8f4000 	/System/Library/Frameworks/CoreServices.framework/Versions/A/Frameworks/LaunchServices.framework/Versions/A/LaunchServices
0x000000005f8f4000 	/System/Library/Frameworks/CoreServices.framework/Versions/A/Frameworks/DictionaryServices.framework/Versions/A/DictionaryServices
0x000000005f8f4000 	/System/Library/Frameworks/CoreServices.framework/Versions/A/Frameworks/SharedFileList.framework/Versions/A/SharedFileList
0x000000005f8f4000 	/System/Library/Frameworks/NetFS.framework/Versions/A/NetFS
0x000000005f8f4000 	/System/Library/PrivateFrameworks/NetAuth.framework/Versions/A/NetAuth
0x000000005f8f4000 	/System/Library/PrivateFrameworks/login.framework/Versions/A/Frameworks/loginsupport.framework/Versions/A/loginsupport
0x000000005f8f4000 	/System/Library/PrivateFrameworks/TCC.framework/Versions/A/TCC
0x000000005f8f4000 	/usr/lib/libmecabra.dylib
0x000000005f8f4000 	/System/Library/Frameworks/ApplicationServices.framework/Versions/A/Frameworks/ATS.framework/Versions/A/ATS
0x000000005f8f4000 	/System/Library/Frameworks/ApplicationServices.framework/Versions/A/Frameworks/ColorSync.framework/Versions/A/ColorSync
0x000000005f8f4000 	/System/Library/Frameworks/ApplicationServices.framework/Versions/A/Frameworks/HIServices.framework/Versions/A/HIServices
0x000000005f8f4000 	/System/Library/Frameworks/ApplicationServices.framework/Versions/A/Frameworks/LangAnalysis.framework/Versions/A/LangAnalysis
0x000000005f8f4000 	/System/Library/Frameworks/ApplicationServices.framework/Versions/A/Frameworks/PrintCore.framework/Versions/A/PrintCore
0x000000005f8f4000 	/System/Library/Frameworks/ApplicationServices.framework/Versions/A/Frameworks/QD.framework/Versions/A/QD
0x000000005f8f4000 	/System/Library/Frameworks/ApplicationServices.framework/Versions/A/Frameworks/SpeechSynthesis.framework/Versions/A/SpeechSynthesis
0x000000005f8f4000 	/System/Library/Frameworks/Accelerate.framework/Versions/A/Frameworks/vImage.framework/Versions/A/vImage
0x000000005f8f4000 	/System/Library/Frameworks/Accelerate.framework/Versions/A/Frameworks/vecLib.framework/Versions/A/vecLib
0x000000005f8f4000 	/System/Library/Frameworks/Accelerate.framework/Versions/A/Frameworks/vecLib.framework/Versions/A/libvDSP.dylib
0x000000005f8f4000 	/System/Library/Frameworks/Accelerate.framework/Versions/A/Frameworks/vecLib.framework/Versions/A/libBNNS.dylib
0x000000005f8f4000 	/System/Library/Frameworks/Accelerate.framework/Versions/A/Frameworks/vecLib.framework/Versions/A/libQuadrature.dylib
0x000000005f8f4000 	/System/Library/Frameworks/Accelerate.framework/Versions/A/Frameworks/vecLib.framework/Versions/A/libvMisc.dylib
0x000000005f8f4000 	/System/Library/Frameworks/Accelerate.framework/Versions/A/Frameworks/vecLib.framework/Versions/A/libLAPACK.dylib
0x000000005f8f4000 	/System/Library/Frameworks/Accelerate.framework/Versions/A/Frameworks/vecLib.framework/Versions/A/libBLAS.dylib
0x000000005f8f4000 	/System/Library/Frameworks/Accelerate.framework/Versions/A/Frameworks/vecLib.framework/Versions/A/libLinearAlgebra.dylib
0x000000005f8f4000 	/System/Library/Frameworks/Accelerate.framework/Versions/A/Frameworks/vecLib.framework/Versions/A/libSparseBLAS.dylib
0x000000005f8f4000 	/System/Library/Frameworks/ApplicationServices.framework/Versions/A/Frameworks/ATS.framework/Versions/A/Resources/libFontParser.dylib
0x000000005f8f4000 	/System/Library/Frameworks/ApplicationServices.framework/Versions/A/Frameworks/ATS.framework/Versions/A/Resources/libFontRegistry.dylib
0x000000005f8f4000 	/System/Library/Frameworks/ImageIO.framework/Versions/A/Resources/libJPEG.dylib
0x000000005f8f4000 	/System/Library/Frameworks/ImageIO.framework/Versions/A/Resources/libTIFF.dylib
0x000000005f8f4000 	/System/Library/Frameworks/ImageIO.framework/Versions/A/Resources/libPng.dylib
0x000000005f8f4000 	/System/Library/Frameworks/ImageIO.framework/Versions/A/Resources/libGIF.dylib
0x000000005f8f4000 	/System/Library/Frameworks/ImageIO.framework/Versions/A/Resources/libJP2.dylib
0x000000005f8f4000 	/System/Library/Frameworks/ImageIO.framework/Versions/A/Resources/libRadiance.dylib
0x000000005f8f4000 	/usr/lib/libcompression.dylib
0x000000005f8f4000 	/System/Library/PrivateFrameworks/AppleJPEG.framework/Versions/A/AppleJPEG
0x000000005f8f4000 	/usr/lib/libcups.2.dylib
0x000000005f8f4000 	/System/Library/Frameworks/Kerberos.framework/Versions/A/Kerberos
0x000000005f8f4000 	/System/Library/Frameworks/GSS.framework/Versions/A/GSS
0x000000005f8f4000 	/usr/lib/libresolv.9.dylib
0x000000005f8f4000 	/usr/lib/libiconv.2.dylib
0x000000005f8f4000 	/System/Library/PrivateFrameworks/Heimdal.framework/Versions/A/Heimdal
0x000000005f8f4000 	/usr/lib/libheimdal-asn1.dylib
0x000000005f8f4000 	/System/Library/Frameworks/OpenDirectory.framework/Versions/A/OpenDirectory
0x000000005f8f4000 	/System/Library/PrivateFrameworks/CommonAuth.framework/Versions/A/CommonAuth
0x000000005f8f4000 	/System/Library/Frameworks/OpenDirectory.framework/Versions/A/Frameworks/CFOpenDirectory.framework/Versions/A/CFOpenDirectory
0x000000005f8f4000 	/System/Library/Frameworks/SecurityFoundation.framework/Versions/A/SecurityFoundation
0x000000005f8f4000 	/System/Library/PrivateFrameworks/LanguageModeling.framework/Versions/A/LanguageModeling
0x000000005f8f4000 	/usr/lib/libmarisa.dylib
0x000000005f8f4000 	/usr/lib/libChineseTokenizer.dylib
0x000000005f8f4000 	/usr/lib/libcmph.dylib
0x000000005f8f4000 	/System/Library/PrivateFrameworks/CoreEmoji.framework/Versions/A/CoreEmoji
0x000000005f8f4000 	/System/Library/Frameworks/ServiceManagement.framework/Versions/A/ServiceManagement
0x000000005f8f4000 	/usr/lib/libxslt.1.dylib
0x000000005f8f4000 	/System/Library/Frameworks/Carbon.framework/Versions/A/Frameworks/Ink.framework/Versions/A/Ink
0x000000005f8f4000 	/System/Library/PrivateFrameworks/TextureIO.framework/Versions/A/TextureIO
0x000000005f8f4000 	/System/Library/Frameworks/Metal.framework/Versions/A/Metal
0x000000005f8f4000 	/usr/lib/libate.dylib
0x000000005f8f4000 	/System/Library/PrivateFrameworks/GPUCompiler.framework/libmetal_timestamp.dylib
0x000000005f8f4000 	/System/Library/Frameworks/OpenGL.framework/Versions/A/Libraries/libCoreFSCache.dylib
0x000000005f8f4000 	/System/Library/PrivateFrameworks/IOAccelerator.framework/Versions/A/IOAccelerator
0x000000005f8f4000 	/System/Library/Frameworks/CoreVideo.framework/Versions/A/CoreVideo
0x000000005f8f4000 	/usr/lib/libFosl_dynamic.dylib
0x000000005f8f4000 	/System/Library/PrivateFrameworks/MetalPerformanceShaders.framework/Versions/A/MetalPerformanceShaders
0x000000005f8f4000 	/System/Library/PrivateFrameworks/FaceCore.framework/Versions/A/FaceCore
0x000000005f8f4000 	/System/Library/Frameworks/OpenCL.framework/Versions/A/OpenCL
0x000000005f8f4000 	/System/Library/Frameworks/OpenGL.framework/Versions/A/Libraries/libGLU.dylib
0x000000005f8f4000 	/System/Library/Frameworks/OpenGL.framework/Versions/A/Libraries/libGFXShared.dylib
0x000000005f8f4000 	/System/Library/Frameworks/OpenGL.framework/Versions/A/Libraries/libGL.dylib
0x000000005f8f4000 	/System/Library/Frameworks/OpenGL.framework/Versions/A/Libraries/libGLImage.dylib
0x000000005f8f4000 	/System/Library/Frameworks/OpenGL.framework/Versions/A/Libraries/libCVMSPluginSupport.dylib
0x000000005f8f4000 	/System/Library/Frameworks/OpenGL.framework/Versions/A/Libraries/libCoreVMClient.dylib
0x000000005f8f4000 	/System/Library/PrivateFrameworks/CrashReporterSupport.framework/Versions/A/CrashReporterSupport
0x000000005f8f4000 	/System/Library/PrivateFrameworks/Sharing.framework/Versions/A/Sharing
0x000000005f8f4000 	/System/Library/PrivateFrameworks/IconServices.framework/Versions/A/IconServices
0x000000005f8f4000 	/System/Library/PrivateFrameworks/ProtocolBuffer.framework/Versions/A/ProtocolBuffer
0x000000005f8f4000 	/System/Library/PrivateFrameworks/Apple80211.framework/Versions/A/Apple80211
0x000000005f8f4000 	/System/Library/Frameworks/CoreWLAN.framework/Versions/A/CoreWLAN
0x000000005f8f4000 	/System/Library/PrivateFrameworks/CoreUtils.framework/Versions/A/CoreUtils
0x000000005f8f4000 	/System/Library/Frameworks/IOBluetooth.framework/Versions/A/IOBluetooth
0x000000005f8f4000 	/System/Library/PrivateFrameworks/CoreWiFi.framework/Versions/A/CoreWiFi
0x000000005f8f4000 	/System/Library/Frameworks/CoreBluetooth.framework/Versions/A/CoreBluetooth
0x000000005f8f4000 	/System/Library/Frameworks/CoreDisplay.framework/Versions/A/CoreDisplay
0x000000005f8f4000 	/System/Library/PrivateFrameworks/IOPresentment.framework/Versions/A/IOPresentment
0x000000005f8f4000 	/System/Library/PrivateFrameworks/DSExternalDisplay.framework/Versions/A/DSExternalDisplay
0x000000005f8f4000 	/System/Library/PrivateFrameworks/DebugSymbols.framework/Versions/A/DebugSymbols
0x000000005f8f4000 	/System/Library/PrivateFrameworks/CoreSymbolication.framework/Versions/A/CoreSymbolication
0x000000005f8f4000 	/System/Library/PrivateFrameworks/Symbolication.framework/Versions/A/Symbolication
0x000000005f8f4000 	/System/Library/PrivateFrameworks/AppleFSCompression.framework/Versions/A/AppleFSCompression
0x000000005f8f4000 	/System/Library/PrivateFrameworks/SpeechRecognitionCore.framework/Versions/A/SpeechRecognitionCore
0x000000005f8f4000 	/System/Library/PrivateFrameworks/ChunkingLibrary.framework/Versions/A/ChunkingLibrary
0x0000000104000000 	/Applications/Greenfoot.app/Contents/JDK/Home/jre/lib/server/libjvm.dylib
0x000000005f8f4000 	/usr/lib/libstdc++.6.dylib
0x00000001036d7000 	/Applications/Greenfoot.app/Contents/JDK/Home/jre/lib/libverify.dylib
0x00000001036e5000 	/Applications/Greenfoot.app/Contents/JDK/Home/jre/lib/libjava.dylib
0x000000010371b000 	/Applications/Greenfoot.app/Contents/JDK/Home/jre/lib/libjdwp.dylib
0x0000000103766000 	/Applications/Greenfoot.app/Contents/JDK/Home/jre/lib/libnpt.dylib
0x0000000103773000 	/Applications/Greenfoot.app/Contents/JDK/Home/jre/lib/libzip.dylib
0x0000000108354000 	/System/Library/Frameworks/JavaVM.framework/Frameworks/JavaRuntimeSupport.framework/JavaRuntimeSupport
0x000000010836e000 	/System/Library/Frameworks/JavaVM.framework/Versions/A/Frameworks/JavaNativeFoundation.framework/Versions/A/JavaNativeFoundation
0x0000000108383000 	/System/Library/Frameworks/JavaVM.framework/Versions/A/JavaVM
0x000000005f8f4000 	/System/Library/Frameworks/Carbon.framework/Versions/A/Carbon
0x0000000108390000 	/System/Library/PrivateFrameworks/JavaLaunching.framework/Versions/A/JavaLaunching
0x000000005f8f4000 	/System/Library/Frameworks/Carbon.framework/Versions/A/Frameworks/CommonPanels.framework/Versions/A/CommonPanels
0x000000005f8f4000 	/System/Library/Frameworks/Carbon.framework/Versions/A/Frameworks/Help.framework/Versions/A/Help
0x000000005f8f4000 	/System/Library/Frameworks/Carbon.framework/Versions/A/Frameworks/ImageCapture.framework/Versions/A/ImageCapture
0x000000005f8f4000 	/System/Library/Frameworks/Carbon.framework/Versions/A/Frameworks/OpenScripting.framework/Versions/A/OpenScripting
0x000000005f8f4000 	/System/Library/Frameworks/Carbon.framework/Versions/A/Frameworks/Print.framework/Versions/A/Print
0x000000005f8f4000 	/System/Library/Frameworks/Carbon.framework/Versions/A/Frameworks/SecurityHI.framework/Versions/A/SecurityHI
0x00000001083dc000 	/Applications/Greenfoot.app/Contents/JDK/Home/jre/lib/libdt_socket.dylib
0x0000000108411000 	/Applications/Greenfoot.app/Contents/JDK/Home/jre/lib/libawt.dylib
0x00000001084b9000 	/Applications/Greenfoot.app/Contents/JDK/Home/jre/lib/./libmlib_image.dylib
0x0000000108585000 	/Applications/Greenfoot.app/Contents/JDK/Home/jre/lib/libawt_lwawt.dylib
0x000000010863a000 	/Applications/Greenfoot.app/Contents/JDK/Home/jre/lib/./libosxapp.dylib
0x000000005f8f4000 	/System/Library/Frameworks/ExceptionHandling.framework/Versions/A/ExceptionHandling
0x000000005f8f4000 	/System/Library/PrivateFrameworks/CoreServicesInternal.framework/Versions/A/CoreServicesInternal
0x000000005f8f4000 	/System/Library/CoreServices/RawCamera.bundle/Contents/MacOS/RawCamera
0x0000000108acb000 	/System/Library/Frameworks/Accelerate.framework/Frameworks/vImage.framework/Versions/A/Libraries/libCGInterfaces.dylib
0x000000005f8f4000 	/System/Library/Frameworks/ApplicationServices.framework/Versions/A/Frameworks/ATS.framework/Versions/A/Resources/libTrueTypeScaler.dylib
0x00000001227d9000 	/System/Library/Frameworks/OpenGL.framework/Resources/GLEngine.bundle/GLEngine
0x000000005f8f4000 	/System/Library/Frameworks/OpenGL.framework/Versions/A/Libraries/libGLProgrammability.dylib
0x00000001229be000 	/System/Library/Extensions/AppleIntelHD3000GraphicsGLDriver.bundle/Contents/MacOS/AppleIntelHD3000GraphicsGLDriver
0x000000005f8f4000 	/System/Library/PrivateFrameworks/GPUSupport.framework/Versions/A/Libraries/libGPUSupport.dylib
0x0000000122e7a000 	/System/Library/Frameworks/OpenGL.framework/Resources//GLRendererFloat.bundle/GLRendererFloat
0x000000005f8f4000 	/System/Library/Frameworks/OpenCL.framework/Versions/A/Libraries/libcldcpuengine.dylib
0x000000005f8f4000 	/usr/lib/libcrypto.0.9.8.dylib
0x000000005f8f4000 	/System/Library/PrivateFrameworks/TrustEvaluationAgent.framework/Versions/A/TrustEvaluationAgent
0x000000005f8f4000 	/System/Library/PrivateFrameworks/FamilyControls.framework/Versions/A/FamilyControls
0x000000005f8f4000 	/System/Library/PrivateFrameworks/CommerceKit.framework/Versions/A/Frameworks/CommerceCore.framework/Versions/A/CommerceCore
0x000000005f8f4000 	/System/Library/PrivateFrameworks/SystemAdministration.framework/Versions/A/SystemAdministration
0x000000005f8f4000 	/System/Library/PrivateFrameworks/AppContainer.framework/Versions/A/AppContainer
0x000000005f8f4000 	/System/Library/PrivateFrameworks/SecCodeWrapper.framework/Versions/A/SecCodeWrapper
0x000000005f8f4000 	/System/Library/Frameworks/DirectoryService.framework/Versions/A/DirectoryService
0x000000005f8f4000 	/System/Library/PrivateFrameworks/DiskImages.framework/Versions/A/DiskImages
0x000000005f8f4000 	/System/Library/PrivateFrameworks/LoginUIKit.framework/Versions/A/Frameworks/LoginUICore.framework/Versions/A/LoginUICore
0x000000005f8f4000 	/usr/lib/libCoreStorage.dylib
0x000000005f8f4000 	/usr/lib/libcsfde.dylib
0x000000005f8f4000 	/usr/lib/libodfde.dylib
0x000000005f8f4000 	/System/Library/Frameworks/DiscRecording.framework/Versions/A/DiscRecording
0x000000005f8f4000 	/usr/lib/libcurl.4.dylib
0x000000005f8f4000 	/System/Library/PrivateFrameworks/MediaKit.framework/Versions/A/MediaKit
0x000000005f8f4000 	/System/Library/PrivateFrameworks/ProtectedCloudStorage.framework/Versions/A/ProtectedCloudStorage
0x000000005f8f4000 	/System/Library/PrivateFrameworks/EFILogin.framework/Versions/A/EFILogin
0x000000005f8f4000 	/usr/lib/libutil.dylib
0x000000005f8f4000 	/System/Library/Frameworks/LDAP.framework/Versions/A/LDAP
0x000000005f8f4000 	/usr/lib/libsasl2.2.dylib
0x000000005f8f4000 	/System/Library/PrivateFrameworks/CoreDaemon.framework/Versions/B/CoreDaemon
0x000000005f8f4000 	/System/Library/PrivateFrameworks/AppleSRP.framework/Versions/A/AppleSRP
0x000000005f8f4000 	/System/Library/PrivateFrameworks/APFS.framework/Versions/A/APFS
0x000000012478d000 	/Applications/Greenfoot.app/Contents/JDK/Home/jre/lib/libfontmanager.dylib
0x000000005f8f4000 	/System/Library/PrivateFrameworks/ViewBridge.framework/Versions/A/ViewBridge
0x000000005f8f4000 	/System/Library/PrivateFrameworks/XPCService.framework/Versions/A/XPCService
0x000000005f8f4000 	/System/Library/PrivateFrameworks/AppSandbox.framework/Versions/A/AppSandbox
0x000000005f8f4000 	/usr/lib/libsandbox.1.dylib
0x000000005f8f4000 	/usr/lib/libMatch.1.dylib
0x000000012481a000 	/Applications/Greenfoot.app/Contents/JDK/Home/jre/lib/libnet.dylib
0x0000000124a52000 	/Applications/Greenfoot.app/Contents/JDK/Home/jre/lib/libnio.dylib
0x0000000125006000 	/Applications/Greenfoot.app/Contents/JDK/Home/jre/lib/libosxui.dylib
0x000000012251b000 	/Applications/Greenfoot.app/Contents/JDK/Home/jre/lib/liblcms.dylib
0x000000005f8f4000 	/System/Library/PrivateFrameworks/Shortcut.framework/Versions/A/Shortcut
0x000000005f8f4000 	/System/Library/PrivateFrameworks/HelpData.framework/Versions/A/HelpData
0x0000000174ac0000 	cl_kernels
0x000000005f8f4000 	/System/Library/Frameworks/OpenCL.framework/Versions/A/Libraries/ImageFormats/unorm8_bgra.dylib
0x0000000174e33000 	/Applications/Greenfoot.app/Contents/JDK/Home/jre/lib/libdcpr.dylib
0x00000001226d7000 	/Applications/Greenfoot.app/Contents/JDK/Home/jre/lib/libjsound.dylib
0x00000001761ec000 	/System/Library/Frameworks/CoreMIDI.framework/Versions/A/CoreMIDI
0x000000017494c000 	/usr/lib/libexpat.1.dylib
0x00000001224c0000 	/System/Library/Extensions/AppleHDA.kext/Contents/PlugIns/AppleHDAHALPlugIn.bundle/Contents/MacOS/AppleHDAHALPlugIn
0x000000017b2ad000 	/System/Library/Components/CoreAudio.component/Contents/MacOS/CoreAudio

VM Arguments:
jvm_args: -Dawt.useSystemAAFontSettings=on -XX:MaxGCPauseMillis=50 -agentlib:jdwp=transport=dt_socket,address=127.0.0.1:58770 -Dfile.encoding=UTF-8 
java_command: bluej.runtime.ExecServer UTF-8
java_class_path (initial): /Applications/Greenfoot.app/Contents/Resources/Java/extensions/greenfoot.jar:/Applications/Greenfoot.app/Contents/Resources/Java/bluejcore.jar:/Applications/Greenfoot.app/Contents/Resources/Java/bluejeditor.jar:/Applications/Greenfoot.app/Contents/Resources/Java/bluejext.jar:/Applications/Greenfoot.app/Contents/Resources/Java/AppleJavaExtensions.jar:/Applications/Greenfoot.app/Contents/Resources/Java/junit-4.11.jar:/Applications/Greenfoot.app/Contents/Resources/Java/hamcrest-core-1.3.jar:/Applications/Greenfoot.app/Contents/Resources/Java/bluej.jar:/Applications/Greenfoot.app/Contents/Resources/Java/diffutils-1.2.1.jar:/Applications/Greenfoot.app/Contents/Resources/Java/commons-httpclient-3.1.jar:/Applications/Greenfoot.app/Contents/Resources/Java/commons-logging-api-1.1.2.jar:/Applications/Greenfoot.app/Contents/Resources/Java/commons-codec-1.3.jar:/Applications/Greenfoot.app/Contents/Resources/Java/jl1.0.1.jar:/Applications/Greenfoot.app/Contents/Resources/Java/opencsv-2.3.jar:/Applications/Greenfoot.app/Contents/Resources/Java/xom-1.2.9.jar:/Applications/Greenfoot.app/Contents/Resources/Java/guava-17.0.jar:/Applications/Greenfoot.app/Contents/Resources/Java/javassist-3.18.0.jar:/Applications/Greenfoot.app/Contents/Resources/Java/commons-vfs2-2.0.jar:/Applications/Greenfoot.app/Contents/Resources/Java/httpclient-4.1.1.jar:/Applications/Greenfoot.app/Contents/Resources/Java/httpcore-4.1.jar:/Applications/Greenfoot.app/Contents/Resources/Java/httpmime-4.1.1.jar
Launcher Type: SUN_STANDARD

Environment Variables:
PATH=/usr/bin:/bin:/usr/sbin:/sbin
SHELL=/bin/bash
DISPLAY=/private/tmp/com.apple.launchd.f3jLgQFe56/org.macosforge.xquartz:0

Signal Handlers:
SIGSEGV: [libjvm.dylib+0x5aa779], sa_mask[0]=11111111011111110111111111111111, sa_flags=SA_ONSTACK|SA_RESTART|SA_SIGINFO
SIGBUS: [libjvm.dylib+0x5aa779], sa_mask[0]=11111111011111110111111111111111, sa_flags=SA_RESTART|SA_SIGINFO
SIGFPE: [libjvm.dylib+0x4831d0], sa_mask[0]=11111111011111110111111111111111, sa_flags=SA_RESTART|SA_SIGINFO
SIGPIPE: [libjvm.dylib+0x4831d0], sa_mask[0]=11111111011111110111111111111111, sa_flags=SA_RESTART|SA_SIGINFO
SIGXFSZ: [libjvm.dylib+0x4831d0], sa_mask[0]=11111111011111110111111111111111, sa_flags=SA_RESTART|SA_SIGINFO
SIGILL: [libjvm.dylib+0x4831d0], sa_mask[0]=11111111011111110111111111111111, sa_flags=SA_RESTART|SA_SIGINFO
SIGUSR1: SIG_DFL, sa_mask[0]=00000000000000000000000000000000, sa_flags=none
SIGUSR2: [libjvm.dylib+0x482cee], sa_mask[0]=00100000000000000000000000000000, sa_flags=SA_RESTART|SA_SIGINFO
SIGHUP: [libjvm.dylib+0x4812c5], sa_mask[0]=11111111011111110111111111111111, sa_flags=SA_RESTART|SA_SIGINFO
SIGINT: [libjvm.dylib+0x4812c5], sa_mask[0]=11111111011111110111111111111111, sa_flags=SA_RESTART|SA_SIGINFO
SIGTERM: [libjvm.dylib+0x4812c5], sa_mask[0]=11111111011111110111111111111111, sa_flags=SA_RESTART|SA_SIGINFO
SIGQUIT: [libjvm.dylib+0x4812c5], sa_mask[0]=11111111011111110111111111111111, sa_flags=SA_RESTART|SA_SIGINFO


---------------  S Y S T E M  ---------------

OS:Bsduname:Darwin 16.7.0 Darwin Kernel Version 16.7.0: Thu Jun 15 17:36:27 PDT 2017; root:xnu-3789.70.16~2/RELEASE_X86_64 x86_64
rlimit: STACK 8192k, CORE 0k, NPROC 709, NOFILE 10240, AS infinity
load average:2.30 5.10 5.63

CPU:total 4 (2 cores per cpu, 2 threads per core) family 6 model 42 stepping 7, cmov, cx8, fxsr, mmx, sse, sse2, sse3, ssse3, sse4.1, sse4.2, popcnt, avx, aes, clmul, ht, tsc, tscinvbit

Memory: 4k page, physical 16777216k(860532k free)

/proc/meminfo:


vm_info: Java HotSpot(TM) 64-Bit Server VM (25.92-b14) for bsd-amd64 JRE (1.8.0_92-b14), built on Mar 31 2016 21:23:14 by "java_re" with gcc 4.2.1 (Based on Apple Inc. build 5658) (LLVM build 2336.11.00)

time: Fri Aug  4 00:45:07 2017
elapsed time: 19145 seconds (0d 5h 19m 5s)

